1646965536824	geckodriver	INFO	Listening on 127.0.0.1:57843
1646965539877	mozrunner::runner	INFO	Running command: "C:\\Program Files\\Mozilla Firefox\\firefox.exe" "--marionette" "--remote-debugging-port" "57844" "-no-remote" "-profile" "C:\\Users\\Eray\\AppData\\Local\\Temp\\rust_mozprofileZD9wmD"
1646965540503	Marionette	INFO	Marionette enabled
console.warn: SearchSettings: "get: No settings file exists, new profile?" (new NotFoundError("Could not open the file at C:\\Users\\Eray\\AppData\\Local\\Temp\\rust_mozprofileZD9wmD\\search.json.mozlz4", (void 0)))
DevTools listening on ws://localhost:57844/devtools/browser/0546b979-3b9c-4cd6-9197-f2c84c0b4f06
1646965542652	Marionette	INFO	Listening on port 57851
1646965543121	RemoteAgent	WARN	TLS certificate errors will be ignored for this session
1646965543948	Marionette	INFO	Stopped listening on port 57851
JavaScript error: resource:///modules/Interactions.jsm, line 209: NS_ERROR_FAILURE: Component returned failure code: 0x80004005 (NS_ERROR_FAILURE) [nsIUserIdleService.removeIdleObserver]
console.error: Region.jsm: "Error fetching region" (new TypeError("NetworkError when attempting to fetch resource.", ""))
console.error: Region.jsm: "Failed to fetch region" (new Error("NO_RESULT", "resource://gre/modules/Region.jsm", 419))
!!! error running onStopped callback: TypeError: callback is not a function

###!!! [Parent][RunMessage] Error: Channel closing: too late to send/recv, messages will be lost

1646965544370	RemoteAgent	ERROR	unable to stop listener: [Exception... "Component returned failure code: 0x8000ffff (NS_ERROR_UNEXPECTED) [nsIWindowMediator.getEnumerator]"  nsresult: "0x8000ffff (NS_ERROR_UNEXPECTED)"  location: "JS frame :: chrome://remote/content/cdp/observers/TargetObserver.jsm :: stop :: line 64"  data: no] Stack trace: stop()@TargetObserver.jsm:64
unwatchForTabs()@TargetList.jsm:70
unwatchForTargets()@TargetList.jsm:37
destructor()@TargetList.jsm:109
stop()@CDP.jsm:104
close()@RemoteAgent.jsm:138
1646966610815	geckodriver	INFO	Listening on 127.0.0.1:58919
1646966613893	mozrunner::runner	INFO	Running command: "C:\\Program Files\\Mozilla Firefox\\firefox.exe" "--marionette" "--remote-debugging-port" "58920" "-no-remote" "-profile" "C:\\Users\\Eray\\AppData\\Local\\Temp\\rust_mozprofile3phJzZ"
1646966614464	Marionette	INFO	Marionette enabled
console.warn: SearchSettings: "get: No settings file exists, new profile?" (new NotFoundError("Could not open the file at C:\\Users\\Eray\\AppData\\Local\\Temp\\rust_mozprofile3phJzZ\\search.json.mozlz4", (void 0)))
DevTools listening on ws://localhost:58920/devtools/browser/2051ef01-0727-4608-b569-ea7030251b4d
1646966616581	Marionette	INFO	Listening on port 58928
1646966617104	RemoteAgent	WARN	TLS certificate errors will be ignored for this session
JavaScript error: https://pagead2.googlesyndication.com/pagead/js/adsbygoogle.js, line 224: uncaught exception: TagError: adsbygoogle.push() error: Only one 'enable_page_level_ads' allowed per page.
JavaScript error: https://www.karavandakiadam.com/wp-content/themes/akusara/js/megamenu.js?ver=5.9.1, line 11: TypeError: jQuery(...).live is not a function
JavaScript error: resource://devtools/server/actors/network-monitor/network-event-actor.js, line 109: Error: Got a request https://www.karavandakiadam.com/wp-includes/css/dist/block-library/style.min.css?ver=5.9.1 without a browsingContextID set
JavaScript error: resource://devtools/server/actors/network-monitor/network-event-actor.js, line 109: Error: Got a request https://www.karavandakiadam.com/wp-content/plugins/source-affix/assets/css/public.min.css?ver=2.0.1 without a browsingContextID set
JavaScript error: resource://devtools/server/actors/network-monitor/network-event-actor.js, line 109: Error: Got a request https://www.karavandakiadam.com/wp-content/themes/akusara/style.css?ver=5.9.1 without a browsingContextID set
JavaScript error: resource://devtools/server/actors/network-monitor/network-event-actor.js, line 109: Error: Got a request https://www.karavandakiadam.com/wp-content/themes/akusara/css/font-awesome.min.css?ver=5.9.1 without a browsingContextID set
JavaScript error: resource://devtools/server/actors/network-monitor/network-event-actor.js, line 109: Error: Got a request https://www.karavandakiadam.com/wp-content/themes/akusara/css/jquery.bxslider.css?ver=5.9.1 without a browsingContextID set
JavaScript error: resource://devtools/server/actors/network-monitor/network-event-actor.js, line 109: Error: Got a request https://www.karavandakiadam.com/wp-content/themes/akusarafunctions/css/owl.carousel.css?ver=5.9.1 without a browsingContextID set
JavaScript error: resource://devtools/server/actors/network-monitor/network-event-actor.js, line 109: Error: Got a request https://www.karavandakiadam.com/wp-content/themes/akusara/css/owl.carousel.css?ver=5.9.1 without a browsingContextID set
JavaScript error: resource://devtools/server/actors/network-monitor/network-event-actor.js, line 109: Error: Got a request https://www.karavandakiadam.com/wp-content/themes/akusara/css/responsive.css?ver=5.9.1 without a browsingContextID set
1646967195241	Marionette	INFO	Stopped listening on port 58928
JavaScript error: resource:///modules/Interactions.jsm, line 209: NS_ERROR_FAILURE: Component returned failure code: 0x80004005 (NS_ERROR_FAILURE) [nsIUserIdleService.removeIdleObserver]
!!! error running onStopped callback: TypeError: callback is not a function
JavaScript error: , line 0: TypeError: NetworkError when attempting to fetch resource.
JavaScript error: , line 0: TypeError: NetworkError when attempting to fetch resource.
JavaScript error: , line 0: TypeError: NetworkError when attempting to fetch resource.
JavaScript error: , line 0: TypeError: NetworkError when attempting to fetch resource.
JavaScript error: resource://gre/modules/AsyncShutdown.jsm, line 718: Error: Phase "Sqlite.jsm: wait until all connections are closed" is finished, it is too late to register completion condition "protections.sqlite#0: waiting for shutdown"

###!!! [Parent][RunMessage] Error: Channel closing: too late to send/recv, messages will be lost

1646967195451	RemoteAgent	ERROR	unable to stop listener: [Exception... "Component returned failure code: 0x8000ffff (NS_ERROR_UNEXPECTED) [ns1646967196130	Marionette	INFO	Stopped listening on port 63520
JavaScript error: resource:///modules/Interactions.jsm, line 209: NS_ERROR_FAILURE: Component returned failure code: 0x80004005 (NS_ERROR_FAILURE) [nsIUserIdleService.removeIdleObserver]
!!! error running onStopped callback: TypeError: callback is not a function
JavaScript error: , line 0: TypeError: NetworkError when attempting to fetch resource.
JavaScript error: , line 0: TypeError: NetworkError when attempting to fetch resource.
JavaScript error: , line 0: TypeError: NetworkError when attempting to fetch resource.
JavaScript error: , line 0: TypeError: NetworkError when attempting to fetch resource.
JavaScript error: resource://gre/modules/AsyncShutdown.jsm, line 718: Error: Phase "Sqlite.jsm: wait until all connections are closed" is finished, it is too late to register completion condition "protections.sqlite#0: waiting for shutdown"

###!!! [Parent][RunMessage] Error: Channel closing: too late to send/recv, messages will be lost

1646967196294	RemoteAgent	ERROR	unable to stop listener: [Exception... "Component returned failure code: 0x8000ffff (NS_ERROR_UNEXPECTED) [nsIWindowMediator.getEnumerator]"  nsresult: "0x8000ffff (NS_ERROR_UNEXPECTED)"  location: "JS frame :: chrome://remote/content/cdp/observers/TargetObserver.jsm :: stop :: line 64"  data: no] Stack trace: stop()@TargetObserver.jsm:64
unwatchForTabs()@TargetList.jsm:70
unwatchForTargets()@TargetList.jsm:37
destructor()@TargetList.jsm:109
stop()@CDP.jsm:104
close()@RemoteAgent.jsm:138
] Error: (msgtype=0x590008,name=PHttpChannel::Msg_DeletingChannel) Channel closing: too late to send/recv, messages will be lost


###!!! [Child][RunMessage] Error: Channel closing: too late to send/recv, messages will be lost


###!!! [Child][RunMessage] Error: Channel closing: too late to send/recv, messages will be lost


###!!! [Child][RunMessage] Error: Channel closing: too late to send/recv, messages will be lost


###!!! [Child][RunMessage] Error: Channel closing: too late to send/recv, messages will be lost


###!!! [Child][RunMessage] Error: Channel closing: too late to send/recv, messages will be lost


###!!! [Child][RunMessage] Error: Channel closing: too late to send/recv, messages will be lost


###!!! [Child][RunMessage] Error: Channel closing: too late to send/recv, messages will be lost


###!!! [Child][RunMessage] Error: Channel closing: too late to send/recv, messages will be lost


###!!! [Child][RunMessage] Error: Channel closing: too late to send/recv, messages will be lost


###!!! [Child][RunMessage] Error: Channel closing: too late to send/recv, messages will be lost


###!!! [Child][RunMessage] Error: Channel closing: too late to send/recv, messages will be lost


###!!! [Child][RunMessage] Error: Channel closing: too late to send/recv, messages will be lost


###!!! [Child][RunMessage] Error: Channel closing: too late to send/recv, messages will be lost


###!!! [Child][RunMessage] Error: Channel closing: too late to send/recv, messages will be lost


###!!! [Child][RunMessage] Error: Channel closing: too late to send/recv, messages will be lost


###!!! [Child][RunMessage] Error: Channel closing: too late to send/recv, messages will be lost


###!!! [Child][RunMessage] Error: Channel closing: too late to send/recv, messages will be lost


###!!! [Child][RunMessage] Error: Channel closing: too late to send/recv, messages will be lost


###!!! [Child][RunMessage] Error: Channel closing: too late to send/recv, messages will be lost


###!!! [Child][RunMessage] Error: Channel closing: too late to send/recv, messages will be lost


###!!! [Child][RunMessage] Error: Channel closing: too late to send/recv, messages will be lost


###!!! [Child][RunMessage] Error: Channel closing: too late to send/recv, messages will be lost


###!!! [Child][RunMessage] Error: Channel closing: too late to send/recv, messages will be lost


###!!! [Child][RunMessage] Error: Channel closing: too late to send/recv, messages will be lost


###!!! [Child][RunMessage] Error: Channel closing: too late to send/recv, messages will be lost


###!!! [Child][RunMessage] Error: Channel closing: too late to send/recv, messages will be lost


###!!! [Parent][MessageChannel] Error: (msgtype=0x390076,name=PContent::Msg_DestroyBrowsingContextGroup) Closed channel: cannot send/recv


###!!! [Child][RunMessage] Error: Channel closing: too late to send/recv, messages will be lost

JavaScript error: resource://gre/modules/Sqlite.jsm, line 1030: Error: Sqlite.jsm has been shutdown. Cannot open connection to: C:\Users\Eray\AppData\Local\Temp\rust_mozprofilebsGmVU\protections.sqlite

###!!! [Parent][RunMessage] Error: Channel closing: too late to send/recv, messages will be lost

1646966793020	RemoteAgent	ERROR	unable to stop listener: [Exception... "Component returned failure code: 0x8000ffff (NS_ERROR_UNEXPECTED) [nsIWindowMediator.getEnumerator]"  nsresult: "0x8000ffff (NS_ERROR_UNEXPECTED)"  location: "JS frame :: chrome://remote/content/cdp/observers/TargetObserver.jsm :: stop :: line 64"  data: no] Stack trace: stop()@TargetObserver.jsm:64
unwatchForTabs()@TargetList.jsm:70
unwatchForTargets()@TargetList.jsm:37
destructor()@TargetList.jsm:109
stop()@CDP.jsm:104
close()@RemoteAgent.jsm:138
1646967167152	geckodriver	INFO	Listening on 127.0.0.1:64224
1646967170197	mozrunner::runner	INFO	Running command: "C:\\Program Files\\Mozilla Firefox\\firefox.exe" "--marionette" "--remote-debugging-port" "64225" "-no-remote" "-profile" "C:\\Users\\Eray\\AppData\\Local\\Temp\\rust_mozprofiletNEswc"
1646967170495	Marionette	INFO	Marionette enabled
console.warn: SearchSettings: "get: No settings file exists, new profile?" (new NotFoundError("Could not open the file at C:\\Users\\Eray\\AppData\\Local\\Temp\\rust_mozprofiletNEswc\\search.json.mozlz4", (void 0)))
DevTools listening on ws://localhost:64225/devtools/browser/bc1b2296-1e9a-45ec-8f58-33b8c4216917
1646967172512	Marionette	INFO	Listening on port 64231
1646967172856	RemoteAgent	WARN	TLS certificate errors will be ignored for this session
JavaScript error: https://pagead2.googlesyndication.com/pagead/js/adsbygoogle.js, line 224: uncaught exception: TagError: adsbygoogle.push() error: Only one 'enable_page_level_ads' allowed per page.
JavaScript error: https://www.karavandakiadam.com/wp-content/themes/akusara/js/megamenu.js?ver=5.9.1, line 11: TypeError: jQuery(...).live is not a function
JavaScript error: resource://devtools/server/actors/network-monitor/network-event-actor.js, line 109: Error: Got a request https://www.karavandakiadam.com/wp-includes/css/dist/block-library/style.min.css?ver=5.9.1 without a browsingContextID set
JavaScript error: resource://devtools/server/actors/network-monitor/network-event-actor.js, line 109: Error: Got a request https://www.karavandakiadam.com/wp-content/plugins/source-affix/assets/css/public.min.css?ver=2.0.1 without a browsingContextID set
JavaScript error: resource://devtools/server/actors/network-monitor/network-event-actor.js, line 109: Error: Got a request https://www.karavandakiadam.com/wp-content/themes/akusara/style.css?ver=5.9.1 without a browsingContextID set
JavaScript error: resource://devtools/server/actors/network-monitor/network-event-actor.js, line 109: Error: Got a request https://www.karavandakiadam.com/wp-content/themes/akusara/css/font-awesome.min.css?ver=5.9.1 without a browsingContextID set
JavaScript error: resource://devtools/server/actors/network-monitor/network-event-actor.js, line 109: Error: Got a request https://www.karavandakiadam.com/wp-content/themes/akusara/css/jquery.bxslider.css?ver=5.9.1 without a browsingContextID set
JavaScript error: resource://devtools/server/actors/network-monitor/network-event-actor.js, line 109: Error: Got a request https://www.karavandakiadam.com/wp-content/themes/akusarafunctions/css/owl.carousel.css?ver=5.9.1 without a browsingContextID set
JavaScript error: resource://devtools/server/actors/network-monitor/network-event-actor.js, line 109: Error: Got a request https://www.karavandakiadam.com/wp-content/themes/akusara/css/owl.carousel.css?ver=5.9.1 without a browsingContextID set
JavaScript error: resource://devtools/server/actors/network-monitor/network-event-actor.js, line 109: Error: Got a request https://www.karavandakiadam.com/wp-content/themes/akusara/css/responsive.css?ver=5.9.1 without a browsingContextID set
1646967430090	Marionette	INFO	Stopped listening on port 64231
JavaScript error: resource:///modules/Interactions.jsm, line 209: NS_ERROR_FAILURE: Component returned failure code: 0x80004005 (NS_ERROR_FAILURE) [nsIUserIdleService.removeIdleObserver]
!!! error running onStopped callback: TypeError: callback is not a function
JavaScript error: , line 0: TypeError: NetworkError when attempting to fetch resource.
JavaScript error: , line 0: TypeError: NetworkError when attempting to fetch resource.
JavaScript error: , line 0: TypeError: NetworkError when attempting to fetch resource.
JavaScript error: , line 0: TypeError: NetworkError when attempting to fetch resource.
JavaScript error: resource://gre/modules/AsyncShutdown.jsm, line 718: Error: Phase "Sqlite.jsm: wait until all connections are closed" is finished, it is too late to register completion condition "protections.sqlite#0: waiting for shutdown"

###!!! [Parent][RunMessage] Error: Channel closing: too late to send/recv, messages will be lost

1646967430285	RemoteAgent	ERROR	unable to stop listener: [Exception... "Component returned failure code: 0x8000ffff (NS_ERROR_UNEXPECTED) [nsIWindowMediator.getEnumerator]"1646967433150	Marionette	INFO	Stopped listening on port 64409
JavaScript error: resource:///modules/Interactions.jsm, line 209: NS_ERROR_FAILURE: Component returned failure code: 0x80004005 (NS_ERROR_FAILURE) [nsIUserIdleService.removeIdleObserver]
!!! error running onStopped callback: TypeError: callback is not a function
JavaScript error: , line 0: TypeError: NetworkError when attempting to fetch resource.
JavaScript error: , line 0: TypeError: NetworkError when attempting to fetch resource.
JavaScript error: , line 0: TypeError: NetworkError when attempting to fetch resource.
JavaScript error: , line 0: TypeError: NetworkError when attempting to fetch resource.
JavaScript error: resource://gre/modules/AsyncShutdown.jsm, line 718: Error: Phase "Sqlite.jsm: wait until all connections are closed" is finished, it is too late to register completion condition "protections.sqlite#0: waiting for shutdown"

###!!! [Parent][RunMessage] Error: Channel closing: too late to send/recv, messages will be lost

1646967433405	RemoteAgent	ERROR	unable to stop listener: [Exception... "Component returned failure code: 0x8000ffff (NS_ERROR_UNEXPECTED) [nsIWindowMediator.getEnumerator]"  nsresult: "0x8000ffff (NS_ERROR_UNEXPECTED)"  location: "JS frame :: chrome://remote/conte1646967435657	Marionette	INFO	Stopped listening on port 63131
JavaScript error: resource:///modules/Interactions.jsm, line 209: NS_ERROR_FAILURE: Component returned failure code: 0x80004005 (NS_ERROR_FAILURE) [nsIUserIdleService.removeIdleObserver]
!!! error running onStopped callback: TypeError: callback is not a function
JavaScript error: , line 0: TypeError: NetworkError when attempting to fetch resource.
JavaScript error: , line 0: TypeError: NetworkError when attempting to fetch resource.
JavaScript error: , line 0: TypeError: NetworkError when attempting to fetch resource.
JavaScript error: , line 0: TypeError: NetworkError when attempting to fetch resource.
JavaScript error: resource://gre/modules/AsyncShutdown.jsm, line 718: Error: Phase "Sqlite.jsm: wait until all connections are closed" is finished, it is too late to register completion condition "protections.sqlite#0: waiting for shutdown"

###!!! [Parent][RunMessage] Error: Channel closing: too late to send/recv, messages will be lost

1646967436097	RemoteAgent	ERROR	unable to stop listener: [Exception... "Component returned failure code: 0x8000ffff (NS_ERROR_UNEXPECTED) [ns1646967436539	Marionette	INFO	Stopped listening on port 63314
JavaScript error: resource:///modules/Interactions.jsm, line 209: NS_ERROR_FAILURE: Component returned failure code: 0x80004005 (NS_ERROR_FAILURE) [nsIUserIdleService.removeIdleObserver]
!!! error running onStopped callback: TypeError: callback is not a function
JavaScript error: , line 0: TypeError: NetworkError when attempting to fetch resource.
JavaScript error: , line 0: TypeError: NetworkError when attempting to fetch resource.
JavaScript error: , line 0: TypeError: NetworkError when attempting to fetch resource.
JavaScript error: , line 0: TypeError: NetworkError when attempting to fetch resource.
JavaScript error: resource://gre/modules/AsyncShutdown.jsm, line 718: Error: Phase "Sqlite.jsm: wait until all connections are closed" is finished, it is too late to register completion condition "protections.sqlite#0: waiting for shutdown"
1646967436992	RemoteAgent	ERROR	unable to stop listener: [Exception... "Component returned failure code: 0x8000ffff (NS_ERROR_UNEXPECTED) [nsIWindowMediator.getEnumerator]"  nsresult: "0x8000ffff (NS_ERROR_UNEXPECTED)"  location: "JS frame :: chrome://remote/content/cdp/observers/TargetObserver.jsm :: stop :: line 64"  data: no] Stack trace: stop()@TargetObserver.jsm:64
unwatchForTabs()@TargetList.jsm:70
unwatchForTargets()@TargetList.jsm:37
destructor()@TargetList.jsm:109
stop()@CDP.jsm:104
close()@RemoteAgent.jsm:138
1646967440218	geckodriver	INFO	Listening on 127.0.0.1:63449
1646967443272	mozrunner::runner	INFO	Running command: "C:\\Program Files\\Mozilla Firefox\\firefox.exe" "--marionette" "--remote-debugging-port" "63450" "-no-remote" "-profile" "C:\\Users\\Eray\\AppData\\Local\\Temp\\rust_mozprofileUfggKL"
1646967443557	Marionette	INFO	Marionette enabled
console.warn: SearchSettings: "get: No settings file exists, new profile?" (new NotFoundError("Could not open the file at C:\\Users\\Eray\\AppData\\Local\\Temp\\rust_mozprofileUfggKL\\search.json.mozlz4", (void 0)))
DevTools listening on ws://localhost:63450/devtools/browser/d1b704fe-9bab-43b5-926f-a1690d20a6e4
1646967445440	Marionette	INFO	Listening on port 63457
1646967445932	RemoteAgent	WARN	TLS certificate errors will be ignored for this session
JavaScript error: https://www.karavandakiadam.com/wp-content/themes/akusara/js/megamenu.js?ver=5.9.1, line 11: TypeError: jQuery(...).live is not a function
JavaScript error: https://pagead2.googlesyndication.com/pagead/js/adsbygoogle.js, line 221: uncaught exception: TagError: adsbygoogle.push() error: Only one 'enable_page_level_ads' allowed per page.
1646967466430	Marionette	INFO	Stopped listening on port 63457
JavaScript error: resource:///modules/Interactions.jsm, line 209: NS_ERROR_FAILURE: Component returned failure code: 0x80004005 (NS_ERROR_FAILURE) [nsIUserIdleService.removeIdleObserver]
!!! error running onStopped callback: TypeError: callback is not a function
JavaScript error: , line 0: TypeError: NetworkError when attempting to fetch resource.
JavaScript error: , line 0: TypeError: NetworkError when attempting to fetch resource.
JavaScript error: , line 0: TypeError: NetworkError when attempting to fetch resource.
JavaScript error: , line 0: TypeError: NetworkError when attempting to fetch resource.
JavaScript error: resource://gre/modules/AsyncShutdown.jsm, line 718: Error: Phase "Sqlite.jsm: wait until all connections are closed" is finished, it is too late to register completion condition "protections.sqlite#0: waiting for shutdown"

###!!! [Parent][RunMessage] Error: Channel closing: too late to send/recv, messages will be lost

1646967466913	RemoteAgent	ERROR	unable to stop listener: [Exception... "Component returned failure code: 0x8000ffff (NS_ERROR_UNEXPECTED) [nsIWindowMediator.getEnumerator]"  nsresult: "0x8000ffff (NS_ERROR_UNEXPECTED)"  location: "JS frame :: chrome://remote/content/cdp/observers/TargetObserver.jsm :: stop :: line 64"  data: no] Stack trace: stop()@TargetObserver.jsm:64
unwatchForTabs()@TargetList.jsm:70
unwatchForTargets()@TargetList.jsm:37
destructor()@TargetList.jsm:109
stop()@CDP.jsm:104
close()@RemoteAgent.jsm:138
